#
# There is insufficient memory for the Java Runtime Environment to continue.
# Native memory allocation (mmap) failed to map 268435456 bytes for Failed to commit area from 0x0000000701000000 to 0x0000000711000000 of length 268435456.
# Possible reasons:
#   The system is out of physical RAM or swap space
#   The process is running with CompressedOops enabled, and the Java Heap may be blocking the growth of the native heap
# Possible solutions:
#   Reduce memory load on the system
#   Increase physical memory or swap space
#   Check if swap backing store is full
#   Decrease Java heap size (-Xmx/-Xms)
#   Decrease number of Java threads
#   Decrease Java thread stack sizes (-Xss)
#   Set larger code cache with -XX:ReservedCodeCacheSize=
# This output file may be truncated or incomplete.
#
#  Out of Memory Error (./src/hotspot/os/windows/os_windows.cpp:3301), pid=21184, tid=20204
#
# JRE version:  (11.0.10+8) (build )
# Java VM: OpenJDK 64-Bit Server VM (11.0.10+8-b1145.96, mixed mode, sharing, tiered, compressed oops, g1 gc, windows-amd64)
# No core dump will be written. Minidumps are not enabled by default on client versions of Windows
#

---------------  S U M M A R Y ------------

Command Line: org.jetbrains.git4idea.http.GitAskPassApp Username for 'https://gitee.com': 

Host: Intel(R) Core(TM) i7-8700 CPU @ 3.20GHz, 12 cores, 15G,  Windows 10 , 64 bit Build 19041 (10.0.19041.804)
Time: Fri Apr  9 15:56:15 2021 中国标准时间 elapsed time: 0.009776 seconds (0d 0h 0m 0s)

---------------  T H R E A D  ---------------

Current thread (0x00000156aafc7800):  JavaThread "Unknown thread" [_thread_in_vm, id=20204, stack(0x000000152bd00000,0x000000152be00000)]

Stack: [0x000000152bd00000,0x000000152be00000]
Native frames: (J=compiled Java code, j=interpreted, Vv=VM code, C=native code)
V  [jvm.dll+0x5ece6a]
V  [jvm.dll+0x722cd5]
V  [jvm.dll+0x72422d]
V  [jvm.dll+0x7248e3]
V  [jvm.dll+0x2428d8]
V  [jvm.dll+0x5ea244]
V  [jvm.dll+0x5df2e5]
V  [jvm.dll+0x2fdddb]
V  [jvm.dll+0x2fdd4a]
V  [jvm.dll+0x2fdc22]
V  [jvm.dll+0x302b06]
V  [jvm.dll+0x34b033]
V  [jvm.dll+0x34b736]
V  [jvm.dll+0x34b133]
V  [jvm.dll+0x2d87d8]
V  [jvm.dll+0x2d9987]
V  [jvm.dll+0x701817]
V  [jvm.dll+0x70300c]
V  [jvm.dll+0x3585a9]
V  [jvm.dll+0x6e516e]
V  [jvm.dll+0x3c09e3]
V  [jvm.dll+0x3c2c71]
C  [jli.dll+0x5373]
C  [ucrtbase.dll+0x21bb2]
C  [KERNEL32.DLL+0x17034]
C  [ntdll.dll+0x52651]


---------------  P R O C E S S  ---------------

Threads class SMR info:
_java_thread_list=0x00000156a94cfc90, length=0, elements={
}

Java Threads: ( => current thread )

Other Threads:
  0x00000156aafde800 GCTaskThread "GC Thread#0" [stack: 0x000000152be00000,0x000000152bf00000] [id=19820]
  0x00000156ab03e800 ConcurrentGCThread "G1 Main Marker" [stack: 0x000000152bf00000,0x000000152c000000] [id=20948]
  0x00000156ab041000 ConcurrentGCThread "G1 Conc#0" [stack: 0x000000152c000000,0x000000152c100000] [id=19832]

[error occurred during error reporting (printing all threads), id 0xc0000005, EXCEPTION_ACCESS_VIOLATION (0xc0000005) at pc=0x00007fffcdf68db7]

VM state:not at safepoint (not fully initialized)

VM Mutex/Monitor currently owned by a thread:  ([mutex/lock_event])
[0x00000156aafc42c0] Heap_lock - owner thread: 0x00000156aafc7800

Heap address: 0x0000000701000000, size: 4080 MB, Compressed Oops mode: Non-zero based: 0x0000000701000000
Narrow klass base: 0x0000000000000000, Narrow klass shift: 0

GC Heap History (0 events):
No events

Deoptimization events (0 events):
No events

Classes redefined (0 events):
No events

Internal exceptions (0 events):
No events

Events (1 events):
Event: 0.006 Loaded shared library D:\IntelliJ IDEA 2020.3.3\jbr\bin\zip.dll


Dynamic libraries:
0x00007ff7475d0000 - 0x00007ff7475da000 	D:\IntelliJ IDEA 2020.3.3\jbr\bin\java.exe
0x00007fffe4f90000 - 0x00007fffe5185000 	C:\WINDOWS\SYSTEM32\ntdll.dll
0x00007fffe2ff0000 - 0x00007fffe30ad000 	C:\WINDOWS\System32\KERNEL32.DLL
0x00007fffe2950000 - 0x00007fffe2c19000 	C:\WINDOWS\System32\KERNELBASE.dll
0x00007fffe26d0000 - 0x00007fffe27d0000 	C:\WINDOWS\System32\ucrtbase.dll
0x00007fffcdbe0000 - 0x00007fffcdbf7000 	D:\IntelliJ IDEA 2020.3.3\jbr\bin\VCRUNTIME140.dll
0x00007fffd4830000 - 0x00007fffd4849000 	D:\IntelliJ IDEA 2020.3.3\jbr\bin\jli.dll
0x00007fffe4080000 - 0x00007fffe4220000 	C:\WINDOWS\System32\USER32.dll
0x00007fffe2fc0000 - 0x00007fffe2fe2000 	C:\WINDOWS\System32\win32u.dll
0x00007fffccd50000 - 0x00007fffccfea000 	C:\WINDOWS\WinSxS\amd64_microsoft.windows.common-controls_6595b64144ccf1df_6.0.19041.844_none_ca00b6081b84eb1d\COMCTL32.dll
0x00007fffe4ad0000 - 0x00007fffe4afa000 	C:\WINDOWS\System32\GDI32.dll
0x00007fffe3f00000 - 0x00007fffe3f9e000 	C:\WINDOWS\System32\msvcrt.dll
0x00007fffe2ca0000 - 0x00007fffe2dab000 	C:\WINDOWS\System32\gdi32full.dll
0x00007fffe2880000 - 0x00007fffe291d000 	C:\WINDOWS\System32\msvcp_win.dll
0x00007fffe4b00000 - 0x00007fffe4b30000 	C:\WINDOWS\System32\IMM32.DLL
0x00007fffbca10000 - 0x00007fffbcaad000 	D:\IntelliJ IDEA 2020.3.3\jbr\bin\msvcp140.dll
0x00007fffcdc80000 - 0x00007fffce750000 	D:\IntelliJ IDEA 2020.3.3\jbr\bin\server\jvm.dll
0x00007fffe4df0000 - 0x00007fffe4e9c000 	C:\WINDOWS\System32\ADVAPI32.dll
0x00007fffe3e50000 - 0x00007fffe3eec000 	C:\WINDOWS\System32\sechost.dll
0x00007fffe45e0000 - 0x00007fffe470b000 	C:\WINDOWS\System32\RPCRT4.dll
0x00007fffe3ef0000 - 0x00007fffe3ef8000 	C:\WINDOWS\System32\PSAPI.DLL
0x00007fffde480000 - 0x00007fffde489000 	C:\WINDOWS\SYSTEM32\WSOCK32.dll
0x00007fffd61d0000 - 0x00007fffd61f7000 	C:\WINDOWS\SYSTEM32\WINMM.dll
0x00007fffe4d70000 - 0x00007fffe4ddb000 	C:\WINDOWS\System32\WS2_32.dll
0x00007fffdc280000 - 0x00007fffdc28a000 	C:\WINDOWS\SYSTEM32\VERSION.dll
0x00007fffe0650000 - 0x00007fffe0662000 	C:\WINDOWS\SYSTEM32\kernel.appcore.dll
0x00007fffde460000 - 0x00007fffde471000 	D:\IntelliJ IDEA 2020.3.3\jbr\bin\verify.dll
0x00007fffd0010000 - 0x00007fffd01f4000 	C:\WINDOWS\SYSTEM32\DBGHELP.DLL
0x00007fffcfac0000 - 0x00007fffcfaec000 	C:\WINDOWS\SYSTEM32\dbgcore.DLL
0x00007fffe2c20000 - 0x00007fffe2ca0000 	C:\WINDOWS\System32\bcryptPrimitives.dll
0x00007fffdd9c0000 - 0x00007fffdd9e9000 	D:\IntelliJ IDEA 2020.3.3\jbr\bin\java.dll
0x00007fffe0000000 - 0x00007fffe000b000 	D:\IntelliJ IDEA 2020.3.3\jbr\bin\jimage.dll
0x00007fffd4810000 - 0x00007fffd4828000 	D:\IntelliJ IDEA 2020.3.3\jbr\bin\zip.dll

dbghelp: loaded successfully - version: 4.0.5 - missing functions: none
symbol engine: initialized successfully - sym options: 0x614 - pdb path: .;D:\IntelliJ IDEA 2020.3.3\jbr\bin;C:\WINDOWS\SYSTEM32;C:\WINDOWS\WinSxS\amd64_microsoft.windows.common-controls_6595b64144ccf1df_6.0.19041.844_none_ca00b6081b84eb1d;D:\IntelliJ IDEA 2020.3.3\jbr\bin\server

VM Arguments:
java_command: org.jetbrains.git4idea.http.GitAskPassApp Username for 'https://gitee.com': 
java_class_path (initial): D:/IntelliJ IDEA 2020.3.3/plugins/git4idea/lib/git4idea-rt.jar;D:/IntelliJ IDEA 2020.3.3/lib/xmlrpc-2.0.1.jar;D:/IntelliJ IDEA 2020.3.3/lib/commons-codec-1.14.jar
Launcher Type: SUN_STANDARD

[Global flags]
     intx CICompilerCount                          = 4                                         {product} {ergonomic}
     uint ConcGCThreads                            = 3                                         {product} {ergonomic}
     uint G1ConcRefinementThreads                  = 10                                        {product} {ergonomic}
   size_t G1HeapRegionSize                         = 1048576                                   {product} {ergonomic}
    uintx GCDrainStackTargetSize                   = 64                                        {product} {ergonomic}
   size_t InitialHeapSize                          = 268435456                                 {product} {ergonomic}
   size_t MarkStackSize                            = 4194304                                   {product} {ergonomic}
   size_t MaxHeapSize                              = 4278190080                                {product} {ergonomic}
   size_t MinHeapDeltaBytes                        = 1048576                                   {product} {ergonomic}
    uintx NonNMethodCodeHeapSize                   = 5836300                                {pd product} {ergonomic}
    uintx NonProfiledCodeHeapSize                  = 122910970                              {pd product} {ergonomic}
    uintx ProfiledCodeHeapSize                     = 122910970                              {pd product} {ergonomic}
    uintx ReservedCodeCacheSize                    = 251658240                              {pd product} {ergonomic}
     bool SegmentedCodeCache                       = true                                      {product} {ergonomic}
     bool UseCompressedClassPointers               = true                                 {lp64_product} {ergonomic}
     bool UseCompressedOops                        = true                                 {lp64_product} {ergonomic}
     bool UseG1GC                                  = true                                      {product} {ergonomic}
     bool UseLargePagesIndividualAllocation        = false                                  {pd product} {ergonomic}

Logging:
Log output configuration:
 #0: stdout all=warning uptime,level,tags
 #1: stderr all=off uptime,level,tags

Environment Variables:
JAVA_HOME=C:\Program Files\Java\jdk1.8.0_271
PATH=D:\Git\mingw64\libexec\git-core;D:\Git\mingw64\libexec\git-core;D:\Git\mingw64\bin;D:\Git\usr\bin;C:\Users\root\bin;D:\Xftp;C:\Program Files (x86)\Common Files\Oracle\Java\javapath;D:\Xshell;C:\WINDOWS\system32;C:\WINDOWS;C:\WINDOWS\System32\Wbem;C:\WINDOWS\System32\WindowsPowerShell\v1.0;C:\WINDOWS\System32\OpenSSH;D:\Git\cmd;C:\Program Files (x86)\Intel\Intel(R) Management Engine Components\DAL;C:\Program Files\Intel\Intel(R) Management Engine Components\DAL;C:\Program Files\nodejs;C:\Go\bin;E:\Lc\flutter\flutter\bin;C:\Users\root\AppData\Local\Microsoft\WindowsApps;C:\Users\root\AppData\Roaming\npm;C:\Users\root\go\bin
USERNAME=root
DISPLAY=:0.0
LC_ALL=en_US.UTF-8
OS=Windows_NT
PROCESSOR_IDENTIFIER=Intel64 Family 6 Model 158 Stepping 10, GenuineIntel



---------------  S Y S T E M  ---------------

OS: Windows 10 , 64 bit Build 19041 (10.0.19041.804)
OS uptime: 1 days 2:59 hours

CPU:total 12 (initial active 12) (6 cores per cpu, 2 threads per core) family 6 model 158 stepping 10 microcode 0xde, cmov, cx8, fxsr, mmx, sse, sse2, sse3, ssse3, sse4.1, sse4.2, popcnt, avx, avx2, aes, clmul, erms, rtm, 3dnowpref, lzcnt, ht, tsc, tscinvbit, bmi1, bmi2, adx, fma

Memory: 4k page, system-wide physical 16317M (428M free)
TotalPageFile size 26486M (AvailPageFile size 17M)
current process WorkingSet (physical memory assigned to process): 10M, peak: 10M
current process commit charge ("private bytes"): 64M, peak: 320M

vm_info: OpenJDK 64-Bit Server VM (11.0.10+8-b1145.96) for windows-amd64 JRE (11.0.10+8-b1145.96), built on Feb 18 2021 01:38:16 by "" with MS VC++ 14.0 (VS2015)

END.
