#
# There is insufficient memory for the Java Runtime Environment to continue.
# Native memory allocation (mmap) failed to map 268435456 bytes for Failed to commit area from 0x0000000701000000 to 0x0000000711000000 of length 268435456.
# Possible reasons:
#   The system is out of physical RAM or swap space
#   The process is running with CompressedOops enabled, and the Java Heap may be blocking the growth of the native heap
# Possible solutions:
#   Reduce memory load on the system
#   Increase physical memory or swap space
#   Check if swap backing store is full
#   Decrease Java heap size (-Xmx/-Xms)
#   Decrease number of Java threads
#   Decrease Java thread stack sizes (-Xss)
#   Set larger code cache with -XX:ReservedCodeCacheSize=
# This output file may be truncated or incomplete.
#
#  Out of Memory Error (./src/hotspot/os/windows/os_windows.cpp:3301), pid=10808, tid=7296
#
# JRE version:  (11.0.10+9) (build )
# Java VM: Dynamic Code Evolution 64-Bit Server VM (11.0.10+9-b1341.35, mixed mode, sharing, tiered, compressed oops, g1 gc, windows-amd64)
# No core dump will be written. Minidumps are not enabled by default on client versions of Windows
#

---------------  S U M M A R Y ------------

Command Line: org.jetbrains.git4idea.http.GitAskPassApp Username for 'https://gitee.com': 

Host: Intel(R) Core(TM) i7-8700 CPU @ 3.20GHz, 12 cores, 15G,  Windows 10 , 64 bit Build 19041 (10.0.19041.804)
Time: Fri Apr 16 15:17:55 2021 中国标准时间 elapsed time: 0.009398 seconds (0d 0h 0m 0s)

---------------  T H R E A D  ---------------

Current thread (0x000001b5e10d8000):  JavaThread "Unknown thread" [_thread_in_vm, id=7296, stack(0x00000026f2300000,0x00000026f2400000)]

Stack: [0x00000026f2300000,0x00000026f2400000]
Native frames: (J=compiled Java code, j=interpreted, Vv=VM code, C=native code)
V  [jvm.dll+0x5f84fa]
V  [jvm.dll+0x77e085]
V  [jvm.dll+0x77f5dd]
V  [jvm.dll+0x77fc93]
V  [jvm.dll+0x2457e8]
V  [jvm.dll+0x5f58f4]
V  [jvm.dll+0x5ea975]
V  [jvm.dll+0x30228b]
V  [jvm.dll+0x3021fa]
V  [jvm.dll+0x3020d2]
V  [jvm.dll+0x306fb6]
V  [jvm.dll+0x34f843]
V  [jvm.dll+0x34ff46]
V  [jvm.dll+0x34f943]
V  [jvm.dll+0x2dbcb8]
V  [jvm.dll+0x2dce57]
V  [jvm.dll+0x75c4d7]
V  [jvm.dll+0x75dd6c]
V  [jvm.dll+0x35cdb9]
V  [jvm.dll+0x73fc9e]
V  [jvm.dll+0x3c5663]
V  [jvm.dll+0x3c7a21]
C  [jli.dll+0x5373]
C  [ucrtbase.dll+0x21bb2]
C  [KERNEL32.DLL+0x17034]
C  [ntdll.dll+0x52651]


---------------  P R O C E S S  ---------------

Threads class SMR info:
_java_thread_list=0x000001b5df6bb260, length=0, elements={
}

Java Threads: ( => current thread )

Other Threads:
  0x000001b5e10f0800 GCTaskThread "GC Thread#0" [stack: 0x00000026f2400000,0x00000026f2500000] [id=10984]
  0x000001b5e114f000 ConcurrentGCThread "G1 Main Marker" [stack: 0x00000026f2500000,0x00000026f2600000] [id=5776]
  0x000001b5e1151800 ConcurrentGCThread "G1 Conc#0" [stack: 0x00000026f2600000,0x00000026f2700000] [id=296]

[error occurred during error reporting (printing all threads), id 0xc0000005, EXCEPTION_ACCESS_VIOLATION (0xc0000005) at pc=0x00007fffaac7c437]

VM state:not at safepoint (not fully initialized)

VM Mutex/Monitor currently owned by a thread:  ([mutex/lock_event])
[0x000001b5e10d28e0] Heap_lock - owner thread: 0x000001b5e10d8000

Heap address: 0x0000000701000000, size: 4080 MB, Compressed Oops mode: Non-zero based: 0x0000000701000000
Narrow klass base: 0x0000000000000000, Narrow klass shift: 0

GC Heap History (0 events):
No events

Deoptimization events (0 events):
No events

Classes redefined (0 events):
No events

Internal exceptions (0 events):
No events

Events (1 events):
Event: 0.005 Loaded shared library D:\IntelliJ IDEA 2021.1\jbr\bin\zip.dll


Dynamic libraries:
0x00007ff714c00000 - 0x00007ff714c0a000 	D:\IntelliJ IDEA 2021.1\jbr\bin\java.exe
0x00007fffe4f90000 - 0x00007fffe5185000 	C:\WINDOWS\SYSTEM32\ntdll.dll
0x00007fffe2ff0000 - 0x00007fffe30ad000 	C:\WINDOWS\System32\KERNEL32.DLL
0x00007fffe2950000 - 0x00007fffe2c19000 	C:\WINDOWS\System32\KERNELBASE.dll
0x00007fffe26d0000 - 0x00007fffe27d0000 	C:\WINDOWS\System32\ucrtbase.dll
0x00007fffcd350000 - 0x00007fffcd369000 	D:\IntelliJ IDEA 2021.1\jbr\bin\jli.dll
0x00007fffc40b0000 - 0x00007fffc40c7000 	D:\IntelliJ IDEA 2021.1\jbr\bin\VCRUNTIME140.dll
0x00007fffe4080000 - 0x00007fffe4220000 	C:\WINDOWS\System32\USER32.dll
0x00007fffe2fc0000 - 0x00007fffe2fe2000 	C:\WINDOWS\System32\win32u.dll
0x00007fffccd50000 - 0x00007fffccfea000 	C:\WINDOWS\WinSxS\amd64_microsoft.windows.common-controls_6595b64144ccf1df_6.0.19041.844_none_ca00b6081b84eb1d\COMCTL32.dll
0x00007fffe3f00000 - 0x00007fffe3f9e000 	C:\WINDOWS\System32\msvcrt.dll
0x00007fffe4ad0000 - 0x00007fffe4afa000 	C:\WINDOWS\System32\GDI32.dll
0x00007fffe2ca0000 - 0x00007fffe2dab000 	C:\WINDOWS\System32\gdi32full.dll
0x00007fffe2880000 - 0x00007fffe291d000 	C:\WINDOWS\System32\msvcp_win.dll
0x00007fffe4b00000 - 0x00007fffe4b30000 	C:\WINDOWS\System32\IMM32.DLL
0x00007fffb2110000 - 0x00007fffb21ad000 	D:\IntelliJ IDEA 2021.1\jbr\bin\msvcp140.dll
0x00007fffaa990000 - 0x00007fffab4df000 	D:\IntelliJ IDEA 2021.1\jbr\bin\server\jvm.dll
0x00007fffe4df0000 - 0x00007fffe4e9c000 	C:\WINDOWS\System32\ADVAPI32.dll
0x00007fffe3e50000 - 0x00007fffe3eec000 	C:\WINDOWS\System32\sechost.dll
0x00007fffe45e0000 - 0x00007fffe470b000 	C:\WINDOWS\System32\RPCRT4.dll
0x00007fffe3ef0000 - 0x00007fffe3ef8000 	C:\WINDOWS\System32\PSAPI.DLL
0x00007fffd61d0000 - 0x00007fffd61f7000 	C:\WINDOWS\SYSTEM32\WINMM.dll
0x00007fffde480000 - 0x00007fffde489000 	C:\WINDOWS\SYSTEM32\WSOCK32.dll
0x00007fffdc280000 - 0x00007fffdc28a000 	C:\WINDOWS\SYSTEM32\VERSION.dll
0x00007fffe4d70000 - 0x00007fffe4ddb000 	C:\WINDOWS\System32\WS2_32.dll
0x00007fffe0650000 - 0x00007fffe0662000 	C:\WINDOWS\SYSTEM32\kernel.appcore.dll
0x00007fffde230000 - 0x00007fffde241000 	D:\IntelliJ IDEA 2021.1\jbr\bin\verify.dll
0x00007fffd0010000 - 0x00007fffd01f4000 	C:\WINDOWS\SYSTEM32\DBGHELP.DLL
0x00007fffcfac0000 - 0x00007fffcfaec000 	C:\WINDOWS\SYSTEM32\dbgcore.DLL
0x00007fffe2c20000 - 0x00007fffe2ca0000 	C:\WINDOWS\System32\bcryptPrimitives.dll
0x00007fffde1f0000 - 0x00007fffde219000 	D:\IntelliJ IDEA 2021.1\jbr\bin\java.dll
0x00007fffde260000 - 0x00007fffde26b000 	D:\IntelliJ IDEA 2021.1\jbr\bin\jimage.dll
0x00007fffd9710000 - 0x00007fffd9728000 	D:\IntelliJ IDEA 2021.1\jbr\bin\zip.dll

dbghelp: loaded successfully - version: 4.0.5 - missing functions: none
symbol engine: initialized successfully - sym options: 0x614 - pdb path: .;D:\IntelliJ IDEA 2021.1\jbr\bin;C:\WINDOWS\SYSTEM32;C:\WINDOWS\WinSxS\amd64_microsoft.windows.common-controls_6595b64144ccf1df_6.0.19041.844_none_ca00b6081b84eb1d;D:\IntelliJ IDEA 2021.1\jbr\bin\server

VM Arguments:
java_command: org.jetbrains.git4idea.http.GitAskPassApp Username for 'https://gitee.com': 
java_class_path (initial): D:/IntelliJ IDEA 2021.1/plugins/git4idea/lib/git4idea-rt.jar;D:/IntelliJ IDEA 2021.1/lib/xmlrpc-2.0.1.jar;D:/IntelliJ IDEA 2021.1/lib/commons-codec-1.15.jar
Launcher Type: SUN_STANDARD

[Global flags]
     intx CICompilerCount                          = 4                                         {product} {ergonomic}
     uint ConcGCThreads                            = 3                                         {product} {ergonomic}
     uint G1ConcRefinementThreads                  = 10                                        {product} {ergonomic}
   size_t G1HeapRegionSize                         = 1048576                                   {product} {ergonomic}
    uintx GCDrainStackTargetSize                   = 64                                        {product} {ergonomic}
   size_t InitialHeapSize                          = 268435456                                 {product} {ergonomic}
   size_t MarkStackSize                            = 4194304                                   {product} {ergonomic}
   size_t MaxHeapSize                              = 4278190080                                {product} {ergonomic}
   size_t MinHeapDeltaBytes                        = 1048576                                   {product} {ergonomic}
    uintx NonNMethodCodeHeapSize                   = 5836300                                {pd product} {ergonomic}
    uintx NonProfiledCodeHeapSize                  = 122910970                              {pd product} {ergonomic}
    uintx ProfiledCodeHeapSize                     = 122910970                              {pd product} {ergonomic}
    uintx ReservedCodeCacheSize                    = 251658240                              {pd product} {ergonomic}
     bool SegmentedCodeCache                       = true                                      {product} {ergonomic}
     bool UseCompressedClassPointers               = true                                 {lp64_product} {ergonomic}
     bool UseCompressedOops                        = true                                 {lp64_product} {ergonomic}
     bool UseG1GC                                  = true                                      {product} {ergonomic}
     bool UseLargePagesIndividualAllocation        = false                                  {pd product} {ergonomic}

Logging:
Log output configuration:
 #0: stdout all=warning uptime,level,tags
 #1: stderr all=off uptime,level,tags

Environment Variables:
JAVA_HOME=C:\Program Files\Java\jdk1.8.0_271
PATH=D:\Git\mingw64\libexec\git-core;D:\Git\mingw64\libexec\git-core;D:\Git\mingw64\bin;D:\Git\usr\bin;C:\Users\root\bin;D:\Xftp;C:\Program Files (x86)\Common Files\Oracle\Java\javapath;D:\Xshell;C:\WINDOWS\system32;C:\WINDOWS;C:\WINDOWS\System32\Wbem;C:\WINDOWS\System32\WindowsPowerShell\v1.0;C:\WINDOWS\System32\OpenSSH;D:\Git\cmd;C:\Program Files (x86)\Intel\Intel(R) Management Engine Components\DAL;C:\Program Files\Intel\Intel(R) Management Engine Components\DAL;C:\Program Files\nodejs;C:\Go\bin;D:\X7;E:\Lc\flutter\flutter\bin;C:\Users\root\AppData\Local\Microsoft\WindowsApps;C:\Users\root\AppData\Roaming\npm;C:\Users\root\go\bin
USERNAME=root
DISPLAY=:0.0
LC_ALL=en_US.UTF-8
OS=Windows_NT
PROCESSOR_IDENTIFIER=Intel64 Family 6 Model 158 Stepping 10, GenuineIntel



---------------  S Y S T E M  ---------------

OS: Windows 10 , 64 bit Build 19041 (10.0.19041.804)
OS uptime: 8 days 2:21 hours

CPU:total 12 (initial active 12) (6 cores per cpu, 2 threads per core) family 6 model 158 stepping 10 microcode 0xde, cmov, cx8, fxsr, mmx, sse, sse2, sse3, ssse3, sse4.1, sse4.2, popcnt, avx, avx2, aes, clmul, erms, rtm, 3dnowpref, lzcnt, ht, tsc, tscinvbit, bmi1, bmi2, adx, fma

Memory: 4k page, system-wide physical 16317M (584M free)
TotalPageFile size 26486M (AvailPageFile size 7M)
current process WorkingSet (physical memory assigned to process): 10M, peak: 10M
current process commit charge ("private bytes"): 64M, peak: 320M

vm_info: Dynamic Code Evolution 64-Bit Server VM (11.0.10+9-b1341.35) for windows-amd64 JRE (11.0.10+9-b1341.35), built on Mar 31 2021 02:11:12 by "" with MS VC++ 14.0 (VS2015)

END.
