#
# There is insufficient memory for the Java Runtime Environment to continue.
# Native memory allocation (mmap) failed to map 268435456 bytes for Failed to commit area from 0x0000000701000000 to 0x0000000711000000 of length 268435456.
# Possible reasons:
#   The system is out of physical RAM or swap space
#   The process is running with CompressedOops enabled, and the Java Heap may be blocking the growth of the native heap
# Possible solutions:
#   Reduce memory load on the system
#   Increase physical memory or swap space
#   Check if swap backing store is full
#   Decrease Java heap size (-Xmx/-Xms)
#   Decrease number of Java threads
#   Decrease Java thread stack sizes (-Xss)
#   Set larger code cache with -XX:ReservedCodeCacheSize=
# This output file may be truncated or incomplete.
#
#  Out of Memory Error (./src/hotspot/os/windows/os_windows.cpp:3303), pid=25604, tid=16936
#
# JRE version:  (11.0.8+10) (build )
# Java VM: OpenJDK 64-Bit Server VM (11.0.8+10-b944.34, mixed mode, sharing, tiered, compressed oops, g1 gc, windows-amd64)
# No core dump will be written. Minidumps are not enabled by default on client versions of Windows
#

---------------  S U M M A R Y ------------

Command Line: org.jetbrains.git4idea.http.GitAskPassApp Username for 'https://gitee.com': 

Host: Intel(R) Core(TM) i7-8700 CPU @ 3.20GHz, 12 cores, 15G,  Windows 10 , 64 bit Build 19041 (10.0.19041.662)
Time: Sat Jan  9 16:46:25 2021 中国标准时间 elapsed time: 0 seconds (0d 0h 0m 0s)

---------------  T H R E A D  ---------------

Current thread (0x000001cb37885000):  JavaThread "Unknown thread" [_thread_in_vm, id=16936, stack(0x0000009389600000,0x0000009389700000)]

Stack: [0x0000009389600000,0x0000009389700000]
Native frames: (J=compiled Java code, j=interpreted, Vv=VM code, C=native code)
V  [jvm.dll+0x5de35a]
V  [jvm.dll+0x712355]
V  [jvm.dll+0x7138ad]
V  [jvm.dll+0x713f63]
V  [jvm.dll+0x23e628]
V  [jvm.dll+0x5db804]
V  [jvm.dll+0x5d0925]
V  [jvm.dll+0x2faf9b]
V  [jvm.dll+0x2faf0a]
V  [jvm.dll+0x2fade2]
V  [jvm.dll+0x2ffcb6]
V  [jvm.dll+0x3483a3]
V  [jvm.dll+0x348aa6]
V  [jvm.dll+0x3484a3]
V  [jvm.dll+0x2d5be8]
V  [jvm.dll+0x2d6d87]
V  [jvm.dll+0x6f10e7]
V  [jvm.dll+0x6f28dc]
V  [jvm.dll+0x3558f9]
V  [jvm.dll+0x6d492e]
V  [jvm.dll+0x3bdad3]
V  [jvm.dll+0x3bfd01]
C  [jli.dll+0x5373]
C  [ucrtbase.dll+0x214c2]
C  [KERNEL32.DLL+0x17034]
C  [ntdll.dll+0x4d0d1]


---------------  P R O C E S S  ---------------

Threads class SMR info:
_java_thread_list=0x000001cb35e4a4b0, length=0, elements={
}

Java Threads: ( => current thread )

Other Threads:
  0x000001cb3789d800 GCTaskThread "GC Thread#0" [stack: 0x0000009389700000,0x0000009389800000] [id=28424]
  0x000001cb378ff000 ConcurrentGCThread "G1 Main Marker" [stack: 0x0000009389800000,0x0000009389900000] [id=32144]
  0x000001cb37904000 ConcurrentGCThread "G1 Conc#0" [stack: 0x0000009389900000,0x0000009389a00000] [id=15596]

[error occurred during error reporting (printing all threads), id 0xc0000005, EXCEPTION_ACCESS_VIOLATION (0xc0000005) at pc=0x00007fffc72060c7]

VM state:not at safepoint (not fully initialized)

VM Mutex/Monitor currently owned by a thread:  ([mutex/lock_event])
[0x000001cb37884080] Heap_lock - owner thread: 0x000001cb37885000

Heap address: 0x0000000701000000, size: 4080 MB, Compressed Oops mode: Non-zero based: 0x0000000701000000
Narrow klass base: 0x0000000000000000, Narrow klass shift: 0

GC Heap History (0 events):
No events

Deoptimization events (0 events):
No events

Classes redefined (0 events):
No events

Internal exceptions (0 events):
No events

Events (1 events):
Event: 0.004 Loaded shared library D:\IntelliJ IDEA 2019.3.5\jbr\bin\zip.dll


Dynamic libraries:
0x00007ff6a7010000 - 0x00007ff6a701a000 	D:\IntelliJ IDEA 2019.3.5\jbr\bin\java.exe
0x00007ff821910000 - 0x00007ff821b06000 	C:\WINDOWS\SYSTEM32\ntdll.dll
0x00007ff821810000 - 0x00007ff8218cd000 	C:\WINDOWS\System32\KERNEL32.DLL
0x00007ff81f6a0000 - 0x00007ff81f969000 	C:\WINDOWS\System32\KERNELBASE.dll
0x00007ff81f280000 - 0x00007ff81f380000 	C:\WINDOWS\System32\ucrtbase.dll
0x00007ff809ed0000 - 0x00007ff809ee9000 	D:\IntelliJ IDEA 2019.3.5\jbr\bin\jli.dll
0x00007ff808d80000 - 0x00007ff808d97000 	D:\IntelliJ IDEA 2019.3.5\jbr\bin\VCRUNTIME140.dll
0x00007ff81fb00000 - 0x00007ff81fca0000 	C:\WINDOWS\System32\USER32.dll
0x00007ff81f1a0000 - 0x00007ff81f1c2000 	C:\WINDOWS\System32\win32u.dll
0x00007ff815cc0000 - 0x00007ff815f5b000 	C:\WINDOWS\WinSxS\amd64_microsoft.windows.common-controls_6595b64144ccf1df_6.0.19041.488_none_ca04af081b815d21\COMCTL32.dll
0x00007ff81f970000 - 0x00007ff81f99a000 	C:\WINDOWS\System32\GDI32.dll
0x00007ff821060000 - 0x00007ff8210fe000 	C:\WINDOWS\System32\msvcrt.dll
0x00007ff81f4e0000 - 0x00007ff81f5e9000 	C:\WINDOWS\System32\gdi32full.dll
0x00007ff81f050000 - 0x00007ff81f0ed000 	C:\WINDOWS\System32\msvcp_win.dll
0x00007ff81fca0000 - 0x00007ff81fcd0000 	C:\WINDOWS\System32\IMM32.DLL
0x00007ffffd500000 - 0x00007ffffd59d000 	D:\IntelliJ IDEA 2019.3.5\jbr\bin\msvcp140.dll
0x00007fffc6f20000 - 0x00007fffc79dd000 	D:\IntelliJ IDEA 2019.3.5\jbr\bin\server\jvm.dll
0x00007ff821570000 - 0x00007ff82161c000 	C:\WINDOWS\System32\ADVAPI32.dll
0x00007ff821760000 - 0x00007ff8217fc000 	C:\WINDOWS\System32\sechost.dll
0x00007ff820090000 - 0x00007ff8201bb000 	C:\WINDOWS\System32\RPCRT4.dll
0x00007ff820390000 - 0x00007ff820398000 	C:\WINDOWS\System32\PSAPI.DLL
0x00007ff810ce0000 - 0x00007ff810ce9000 	C:\WINDOWS\SYSTEM32\WSOCK32.dll
0x00007ff816110000 - 0x00007ff816137000 	C:\WINDOWS\SYSTEM32\WINMM.dll
0x00007ff8216f0000 - 0x00007ff82175b000 	C:\WINDOWS\System32\WS2_32.dll
0x00007ff81a1f0000 - 0x00007ff81a1fa000 	C:\WINDOWS\SYSTEM32\VERSION.dll
0x00007ff81cee0000 - 0x00007ff81cef2000 	C:\WINDOWS\SYSTEM32\kernel.appcore.dll
0x00007ff810ca0000 - 0x00007ff810cb1000 	D:\IntelliJ IDEA 2019.3.5\jbr\bin\verify.dll
0x00007ff80ad20000 - 0x00007ff80af04000 	C:\WINDOWS\SYSTEM32\DBGHELP.DLL
0x00007ff80a9f0000 - 0x00007ff80aa1c000 	C:\WINDOWS\SYSTEM32\dbgcore.DLL
0x00007ff81f0f0000 - 0x00007ff81f170000 	C:\WINDOWS\System32\bcryptPrimitives.dll
0x00007ff809a90000 - 0x00007ff809ab9000 	D:\IntelliJ IDEA 2019.3.5\jbr\bin\java.dll
0x00007ff810c90000 - 0x00007ff810c9b000 	D:\IntelliJ IDEA 2019.3.5\jbr\bin\jimage.dll
0x00007ff80ff60000 - 0x00007ff80ff78000 	D:\IntelliJ IDEA 2019.3.5\jbr\bin\zip.dll

dbghelp: loaded successfully - version: 4.0.5 - missing functions: none
symbol engine: initialized successfully - sym options: 0x614 - pdb path: .;D:\IntelliJ IDEA 2019.3.5\jbr\bin;C:\WINDOWS\SYSTEM32;C:\WINDOWS\WinSxS\amd64_microsoft.windows.common-controls_6595b64144ccf1df_6.0.19041.488_none_ca04af081b815d21;D:\IntelliJ IDEA 2019.3.5\jbr\bin\server

VM Arguments:
java_command: org.jetbrains.git4idea.http.GitAskPassApp Username for 'https://gitee.com': 
java_class_path (initial): D:/IntelliJ IDEA 2019.3.5/plugins/git4idea/lib/git4idea-rt.jar;D:/IntelliJ IDEA 2019.3.5/lib/xmlrpc-2.0.1.jar;D:/IntelliJ IDEA 2019.3.5/lib/commons-codec-1.14.jar
Launcher Type: SUN_STANDARD

[Global flags]
     intx CICompilerCount                          = 4                                         {product} {ergonomic}
     uint ConcGCThreads                            = 3                                         {product} {ergonomic}
     uint G1ConcRefinementThreads                  = 10                                        {product} {ergonomic}
   size_t G1HeapRegionSize                         = 1048576                                   {product} {ergonomic}
    uintx GCDrainStackTargetSize                   = 64                                        {product} {ergonomic}
   size_t InitialHeapSize                          = 268435456                                 {product} {ergonomic}
   size_t MarkStackSize                            = 4194304                                   {product} {ergonomic}
   size_t MaxHeapSize                              = 4278190080                                {product} {ergonomic}
   size_t MinHeapDeltaBytes                        = 1048576                                   {product} {ergonomic}
    uintx NonNMethodCodeHeapSize                   = 5836300                                {pd product} {ergonomic}
    uintx NonProfiledCodeHeapSize                  = 122910970                              {pd product} {ergonomic}
    uintx ProfiledCodeHeapSize                     = 122910970                              {pd product} {ergonomic}
    uintx ReservedCodeCacheSize                    = 251658240                              {pd product} {ergonomic}
     bool SegmentedCodeCache                       = true                                      {product} {ergonomic}
     bool UseCompressedClassPointers               = true                                 {lp64_product} {ergonomic}
     bool UseCompressedOops                        = true                                 {lp64_product} {ergonomic}
     bool UseG1GC                                  = true                                      {product} {ergonomic}
     bool UseLargePagesIndividualAllocation        = false                                  {pd product} {ergonomic}

Logging:
Log output configuration:
 #0: stdout all=warning uptime,level,tags
 #1: stderr all=off uptime,level,tags

Environment Variables:
JAVA_HOME=C:\Program Files\Java\jdk1.8.0_271
PATH=D:\Git\mingw64\libexec\git-core;D:\Git\mingw64\libexec\git-core;D:\Git\mingw64\bin;D:\Git\usr\bin;C:\Users\root\bin;D:\Xftp;C:\Program Files (x86)\Common Files\Oracle\Java\javapath;D:\Xshell;C:\WINDOWS\system32;C:\WINDOWS;C:\WINDOWS\System32\Wbem;C:\WINDOWS\System32\WindowsPowerShell\v1.0;C:\WINDOWS\System32\OpenSSH;D:\Git\cmd;C:\Program Files (x86)\Intel\Intel(R) Management Engine Components\DAL;C:\Program Files\Intel\Intel(R) Management Engine Components\DAL;C:\Program Files\nodejs;C:\Go\bin;C:\Users\root\AppData\Local\Microsoft\WindowsApps;C:\Users\root\AppData\Roaming\npm;C:\Users\root\go\bin
USERNAME=root
DISPLAY=:0.0
LC_ALL=en_US.UTF-8
OS=Windows_NT
PROCESSOR_IDENTIFIER=Intel64 Family 6 Model 158 Stepping 10, GenuineIntel



---------------  S Y S T E M  ---------------

OS: Windows 10 , 64 bit Build 19041 (10.0.19041.662)
OS uptime: 1 days 4:49 hours

CPU:total 12 (initial active 12) (6 cores per cpu, 2 threads per core) family 6 model 158 stepping 10, cmov, cx8, fxsr, mmx, sse, sse2, sse3, ssse3, sse4.1, sse4.2, popcnt, avx, avx2, aes, clmul, erms, rtm, 3dnowpref, lzcnt, ht, tsc, tscinvbit, bmi1, bmi2, adx, fma

Memory: 4k page, system-wide physical 16317M (752M free)
TotalPageFile size 26486M (AvailPageFile size 116M)
current process WorkingSet (physical memory assigned to process): 10M, peak: 10M
current process commit charge ("private bytes"): 64M, peak: 320M

vm_info: OpenJDK 64-Bit Server VM (11.0.8+10-b944.34) for windows-amd64 JRE (11.0.8+10-b944.34), built on Sep 11 2020 15:32:11 by "" with MS VC++ 14.0 (VS2015)

END.
