#
# There is insufficient memory for the Java Runtime Environment to continue.
# Native memory allocation (mmap) failed to map 268435456 bytes for Failed to commit area from 0x0000000701000000 to 0x0000000711000000 of length 268435456.
# Possible reasons:
#   The system is out of physical RAM or swap space
#   The process is running with CompressedOops enabled, and the Java Heap may be blocking the growth of the native heap
# Possible solutions:
#   Reduce memory load on the system
#   Increase physical memory or swap space
#   Check if swap backing store is full
#   Decrease Java heap size (-Xmx/-Xms)
#   Decrease number of Java threads
#   Decrease Java thread stack sizes (-Xss)
#   Set larger code cache with -XX:ReservedCodeCacheSize=
# This output file may be truncated or incomplete.
#
#  Out of Memory Error (./src/hotspot/os/windows/os_windows.cpp:3303), pid=20360, tid=28728
#
# JRE version:  (11.0.8+10) (build )
# Java VM: OpenJDK 64-Bit Server VM (11.0.8+10-b944.34, mixed mode, sharing, tiered, compressed oops, g1 gc, windows-amd64)
# No core dump will be written. Minidumps are not enabled by default on client versions of Windows
#

---------------  S U M M A R Y ------------

Command Line: org.jetbrains.git4idea.http.GitAskPassApp Username for 'https://gitee.com': 

Host: Intel(R) Core(TM) i7-8700 CPU @ 3.20GHz, 12 cores, 15G,  Windows 10 , 64 bit Build 19041 (10.0.19041.662)
Time: Sat Jan 30 13:45:30 2021 中国标准时间 elapsed time: 0 seconds (0d 0h 0m 0s)

---------------  T H R E A D  ---------------

Current thread (0x0000019576617000):  JavaThread "Unknown thread" [_thread_in_vm, id=28728, stack(0x0000006c4f500000,0x0000006c4f600000)]

Stack: [0x0000006c4f500000,0x0000006c4f600000]
Native frames: (J=compiled Java code, j=interpreted, Vv=VM code, C=native code)
V  [jvm.dll+0x5de35a]
V  [jvm.dll+0x712355]
V  [jvm.dll+0x7138ad]
V  [jvm.dll+0x713f63]
V  [jvm.dll+0x23e628]
V  [jvm.dll+0x5db804]
V  [jvm.dll+0x5d0925]
V  [jvm.dll+0x2faf9b]
V  [jvm.dll+0x2faf0a]
V  [jvm.dll+0x2fade2]
V  [jvm.dll+0x2ffcb6]
V  [jvm.dll+0x3483a3]
V  [jvm.dll+0x348aa6]
V  [jvm.dll+0x3484a3]
V  [jvm.dll+0x2d5be8]
V  [jvm.dll+0x2d6d87]
V  [jvm.dll+0x6f10e7]
V  [jvm.dll+0x6f28dc]
V  [jvm.dll+0x3558f9]
V  [jvm.dll+0x6d492e]
V  [jvm.dll+0x3bdad3]
V  [jvm.dll+0x3bfd01]
C  [jli.dll+0x5373]
C  [ucrtbase.dll+0x214c2]
C  [KERNEL32.DLL+0x17034]
C  [ntdll.dll+0x4d0d1]


---------------  P R O C E S S  ---------------

Threads class SMR info:
_java_thread_list=0x000001957641db10, length=0, elements={
}

Java Threads: ( => current thread )

Other Threads:
  0x000001957662d800 GCTaskThread "GC Thread#0" [stack: 0x0000006c4f600000,0x0000006c4f700000] [id=16344]
  0x0000019576691000 ConcurrentGCThread "G1 Main Marker" [stack: 0x0000006c4f700000,0x0000006c4f800000] [id=24564]
  0x0000019576694800 ConcurrentGCThread "G1 Conc#0" [stack: 0x0000006c4f800000,0x0000006c4f900000] [id=30016]

[error occurred during error reporting (printing all threads), id 0xc0000005, EXCEPTION_ACCESS_VIOLATION (0xc0000005) at pc=0x00007ffae4a960c7]

VM state:not at safepoint (not fully initialized)

VM Mutex/Monitor currently owned by a thread:  ([mutex/lock_event])
[0x00000195766147d0] Heap_lock - owner thread: 0x0000019576617000

Heap address: 0x0000000701000000, size: 4080 MB, Compressed Oops mode: Non-zero based: 0x0000000701000000
Narrow klass base: 0x0000000000000000, Narrow klass shift: 0

GC Heap History (0 events):
No events

Deoptimization events (0 events):
No events

Classes redefined (0 events):
No events

Internal exceptions (0 events):
No events

Events (1 events):
Event: 0.008 Loaded shared library D:\IntelliJ IDEA 2019.3.5\jbr\bin\zip.dll


Dynamic libraries:
0x00007ff618670000 - 0x00007ff61867a000 	D:\IntelliJ IDEA 2019.3.5\jbr\bin\java.exe
0x00007ffb1d6d0000 - 0x00007ffb1d8c6000 	C:\WINDOWS\SYSTEM32\ntdll.dll
0x00007ffb1cbb0000 - 0x00007ffb1cc6d000 	C:\WINDOWS\System32\KERNEL32.DLL
0x00007ffb1ae40000 - 0x00007ffb1b109000 	C:\WINDOWS\System32\KERNELBASE.dll
0x00007ffb1b300000 - 0x00007ffb1b400000 	C:\WINDOWS\System32\ucrtbase.dll
0x00007ffb06db0000 - 0x00007ffb06dc7000 	D:\IntelliJ IDEA 2019.3.5\jbr\bin\VCRUNTIME140.dll
0x00007ffb06dd0000 - 0x00007ffb06de9000 	D:\IntelliJ IDEA 2019.3.5\jbr\bin\jli.dll
0x00007ffb1d310000 - 0x00007ffb1d4b0000 	C:\WINDOWS\System32\USER32.dll
0x00007ffb1b400000 - 0x00007ffb1b422000 	C:\WINDOWS\System32\win32u.dll
0x00007ffb059c0000 - 0x00007ffb05c5b000 	C:\WINDOWS\WinSxS\amd64_microsoft.windows.common-controls_6595b64144ccf1df_6.0.19041.746_none_ca02b4b61b8320a4\COMCTL32.dll
0x00007ffb1ba40000 - 0x00007ffb1ba6a000 	C:\WINDOWS\System32\GDI32.dll
0x00007ffb1d590000 - 0x00007ffb1d62e000 	C:\WINDOWS\System32\msvcrt.dll
0x00007ffb1b1f0000 - 0x00007ffb1b2fb000 	C:\WINDOWS\System32\gdi32full.dll
0x00007ffb1b430000 - 0x00007ffb1b4cd000 	C:\WINDOWS\System32\msvcp_win.dll
0x00007ffb1d4b0000 - 0x00007ffb1d4e0000 	C:\WINDOWS\System32\IMM32.DLL
0x00007ffaecfd0000 - 0x00007ffaed06d000 	D:\IntelliJ IDEA 2019.3.5\jbr\bin\msvcp140.dll
0x00007ffae47b0000 - 0x00007ffae526d000 	D:\IntelliJ IDEA 2019.3.5\jbr\bin\server\jvm.dll
0x00007ffb1b8a0000 - 0x00007ffb1b94c000 	C:\WINDOWS\System32\ADVAPI32.dll
0x00007ffb1ced0000 - 0x00007ffb1cf6c000 	C:\WINDOWS\System32\sechost.dll
0x00007ffb1be60000 - 0x00007ffb1bf8b000 	C:\WINDOWS\System32\RPCRT4.dll
0x00007ffb1bdd0000 - 0x00007ffb1bdd8000 	C:\WINDOWS\System32\PSAPI.DLL
0x00007ffb14e10000 - 0x00007ffb14e1a000 	C:\WINDOWS\SYSTEM32\VERSION.dll
0x00007ffb18700000 - 0x00007ffb18709000 	C:\WINDOWS\SYSTEM32\WSOCK32.dll
0x00007ffb110c0000 - 0x00007ffb110e7000 	C:\WINDOWS\SYSTEM32\WINMM.dll
0x00007ffb1d2a0000 - 0x00007ffb1d30b000 	C:\WINDOWS\System32\WS2_32.dll
0x00007ffb18d90000 - 0x00007ffb18da2000 	C:\WINDOWS\SYSTEM32\kernel.appcore.dll
0x00007ffb0cea0000 - 0x00007ffb0ceb1000 	D:\IntelliJ IDEA 2019.3.5\jbr\bin\verify.dll
0x00007ffb076d0000 - 0x00007ffb078b4000 	C:\WINDOWS\SYSTEM32\DBGHELP.DLL
0x00007ffb075a0000 - 0x00007ffb075cc000 	C:\WINDOWS\SYSTEM32\dbgcore.DLL
0x00007ffb1b110000 - 0x00007ffb1b190000 	C:\WINDOWS\System32\bcryptPrimitives.dll
0x00007ffb0ccd0000 - 0x00007ffb0ccf9000 	D:\IntelliJ IDEA 2019.3.5\jbr\bin\java.dll
0x00007ffb16920000 - 0x00007ffb1692b000 	D:\IntelliJ IDEA 2019.3.5\jbr\bin\jimage.dll
0x00007ffb0cb10000 - 0x00007ffb0cb28000 	D:\IntelliJ IDEA 2019.3.5\jbr\bin\zip.dll

dbghelp: loaded successfully - version: 4.0.5 - missing functions: none
symbol engine: initialized successfully - sym options: 0x614 - pdb path: .;D:\IntelliJ IDEA 2019.3.5\jbr\bin;C:\WINDOWS\SYSTEM32;C:\WINDOWS\WinSxS\amd64_microsoft.windows.common-controls_6595b64144ccf1df_6.0.19041.746_none_ca02b4b61b8320a4;D:\IntelliJ IDEA 2019.3.5\jbr\bin\server

VM Arguments:
java_command: org.jetbrains.git4idea.http.GitAskPassApp Username for 'https://gitee.com': 
java_class_path (initial): D:/IntelliJ IDEA 2019.3.5/plugins/git4idea/lib/git4idea-rt.jar;D:/IntelliJ IDEA 2019.3.5/lib/xmlrpc-2.0.1.jar;D:/IntelliJ IDEA 2019.3.5/lib/commons-codec-1.14.jar
Launcher Type: SUN_STANDARD

[Global flags]
     intx CICompilerCount                          = 4                                         {product} {ergonomic}
     uint ConcGCThreads                            = 3                                         {product} {ergonomic}
     uint G1ConcRefinementThreads                  = 10                                        {product} {ergonomic}
   size_t G1HeapRegionSize                         = 1048576                                   {product} {ergonomic}
    uintx GCDrainStackTargetSize                   = 64                                        {product} {ergonomic}
   size_t InitialHeapSize                          = 268435456                                 {product} {ergonomic}
   size_t MarkStackSize                            = 4194304                                   {product} {ergonomic}
   size_t MaxHeapSize                              = 4278190080                                {product} {ergonomic}
   size_t MinHeapDeltaBytes                        = 1048576                                   {product} {ergonomic}
    uintx NonNMethodCodeHeapSize                   = 5836300                                {pd product} {ergonomic}
    uintx NonProfiledCodeHeapSize                  = 122910970                              {pd product} {ergonomic}
    uintx ProfiledCodeHeapSize                     = 122910970                              {pd product} {ergonomic}
    uintx ReservedCodeCacheSize                    = 251658240                              {pd product} {ergonomic}
     bool SegmentedCodeCache                       = true                                      {product} {ergonomic}
     bool UseCompressedClassPointers               = true                                 {lp64_product} {ergonomic}
     bool UseCompressedOops                        = true                                 {lp64_product} {ergonomic}
     bool UseG1GC                                  = true                                      {product} {ergonomic}
     bool UseLargePagesIndividualAllocation        = false                                  {pd product} {ergonomic}

Logging:
Log output configuration:
 #0: stdout all=warning uptime,level,tags
 #1: stderr all=off uptime,level,tags

Environment Variables:
JAVA_HOME=C:\Program Files\Java\jdk1.8.0_271
PATH=D:\Git\mingw64\libexec\git-core;D:\Git\mingw64\libexec\git-core;D:\Git\mingw64\bin;D:\Git\usr\bin;C:\Users\root\bin;D:\Xftp;C:\Program Files (x86)\Common Files\Oracle\Java\javapath;D:\Xshell;C:\WINDOWS\system32;C:\WINDOWS;C:\WINDOWS\System32\Wbem;C:\WINDOWS\System32\WindowsPowerShell\v1.0;C:\WINDOWS\System32\OpenSSH;D:\Git\cmd;C:\Program Files (x86)\Intel\Intel(R) Management Engine Components\DAL;C:\Program Files\Intel\Intel(R) Management Engine Components\DAL;C:\Program Files\nodejs;C:\Go\bin;C:\Users\root\AppData\Local\Microsoft\WindowsApps;C:\Users\root\AppData\Roaming\npm;C:\Users\root\go\bin
USERNAME=root
DISPLAY=:0.0
LC_ALL=en_US.UTF-8
OS=Windows_NT
PROCESSOR_IDENTIFIER=Intel64 Family 6 Model 158 Stepping 10, GenuineIntel



---------------  S Y S T E M  ---------------

OS: Windows 10 , 64 bit Build 19041 (10.0.19041.662)
OS uptime: 2 days 22:41 hours

CPU:total 12 (initial active 12) (6 cores per cpu, 2 threads per core) family 6 model 158 stepping 10, cmov, cx8, fxsr, mmx, sse, sse2, sse3, ssse3, sse4.1, sse4.2, popcnt, avx, avx2, aes, clmul, erms, rtm, 3dnowpref, lzcnt, ht, tsc, tscinvbit, bmi1, bmi2, adx, fma

Memory: 4k page, system-wide physical 16317M (1553M free)
TotalPageFile size 26486M (AvailPageFile size 77M)
current process WorkingSet (physical memory assigned to process): 10M, peak: 10M
current process commit charge ("private bytes"): 64M, peak: 320M

vm_info: OpenJDK 64-Bit Server VM (11.0.8+10-b944.34) for windows-amd64 JRE (11.0.8+10-b944.34), built on Sep 11 2020 15:32:11 by "" with MS VC++ 14.0 (VS2015)

END.
